2024-01-15 23:38:01 GET /index.html 200 Mozilla/5.0
2024-01-15 23:38:05 GET /about.html 200 Mozilla/5.0
2024-01-15 23:38:12 GET /products.html 200 Chrome/120.0
2024-01-15 23:38:18 GET /contact.html 200 Safari/17.0
2024-01-15 23:38:25 GET /login.html 200 Mozilla/5.0
2024-01-15 23:38:31 POST /api/data 200 Chrome/120.0
2024-01-15 23:38:40 GET /dashboard 200 Mozilla/5.0
2024-01-15 23:38:47 GET /static/logo.png 200 Chrome/120.0
2024-01-15 23:38:55 GET /favicon.ico 200 Safari/17.0
2024-01-15 23:39:02 GET /index.html 200 Mozilla/5.0
2024-01-15 23:39:08 GET /news.html 200 Chrome/120.0
2024-01-15 23:39:15 GET /about.html 200 Mozilla/5.0
2024-01-15 23:39:22 POST /api/search 200 Safari/17.0
2024-01-15 23:39:30 GET /products.html 200 Chrome/120.0
2024-01-15 23:39:38 GET /team.html 200 Mozilla/5.0
2024-01-15 23:39:45 GET /static/style.css 200 Chrome/120.0
2024-01-15 23:39:52 GET /index.html 200 Mozilla/5.0
2024-01-15 23:40:00 GET /help.html 200 Safari/17.0
2024-01-15 23:40:07 GET /careers.html 200 Chrome/120.0
2024-01-15 23:40:14 GET /privacy.html 200 Mozilla/5.0
2024-01-15 23:40:21 GET /index.html 200 Mozilla/5.0
2024-01-15 23:40:28 POST /api/contact 200 Chrome/120.0
2024-01-15 23:40:35 GET /blog.html 200 Safari/17.0
2024-01-15 23:40:42 GET /index.html 200 Mozilla/5.0
2024-01-15 23:40:50 GET /static/main.js 200 Chrome/120.0
2024-01-15 23:40:57 GET /about.html 200 Mozilla/5.0
2024-01-15 23:41:04 GET /team.html 200 Safari/17.0
2024-01-15 23:41:11 GET /products.html 200 Chrome/120.0
2024-01-15 23:41:18 POST /api/data 200 Mozilla/5.0
2024-01-15 23:41:25 GET /index.html 200 Chrome/120.0
2024-01-15 23:41:32 GET /about.html 200 Mozilla/5.0
2024-01-15 23:41:39 GET /help.html 200 Safari/17.0
2024-01-15 23:41:46 GET /index.html 200 Mozilla/5.0
2024-01-15 23:41:53 POST /api/search 200 Chrome/120.0
2024-01-15 23:42:00 GET /static/logo.png 200 Mozilla/5.0
2024-01-15 23:42:07 GET /products.html 200 Safari/17.0
2024-01-15 23:42:14 GET /index.html 200 Chrome/120.0
2024-01-15 23:42:21 GET /about.html 200 Mozilla/5.0
2024-01-15 23:42:28 GET /dashboard 200 Chrome/120.0
2024-01-15 23:42:35 POST /api/data 200 Mozilla/5.0
2024-01-15 23:42:36 GET /login.html 200 Chrome/120.0
2024-01-15 23:42:37 POST /api/login 401 Error: Failed login attempt - user=admin ip=192.168.1.105
2024-01-15 23:42:38 POST /api/login 401 Error: Failed login attempt - user=root ip=192.168.1.105
2024-01-15 23:42:39 POST /api/login 401 Error: Failed login attempt - user=administrator ip=192.168.1.105
2024-01-15 23:42:40 POST /api/login 401 Error: Failed login attempt - user=admin ip=192.168.1.105
2024-01-15 23:42:41 ATTACK WARNING: Brute Force detected - 47 Failed attempts in 4 seconds from 192.168.1.105
2024-01-15 23:43:01 GET /api/users?id=1' UNION SELECT username,password FROM users-- 400 Error: SQL injection attempt detected in query parameter
2024-01-15 23:43:45 ATTACK WARNING: DDoS flood detected - 9800 req/s threshold exceeded from subnet 10.0.0.0/8
2024-01-15 23:43:46 Error: Rate limit exceeded - dropping packets from 10.0.0.0/8
2024-01-15 23:43:47 ATTACK WARNING: DDoS flood continuing - 11200 req/s - activating mitigation
2024-01-15 23:44:00 GET /index.html 200 Mozilla/5.0